<?xml version="1.0" encoding="utf-8" standalone="no"?>
<!--This file represents the results of running a test suite-->
<test-results name="C:\Users\Bruker\Documents\Visual Studio 2012\Projects\SeleniumTestNorigin\SeleniumTestNorigin\bin\Debug\SeleniumTestNorigin.dll" total="1" errors="0" failures="0" not-run="0" inconclusive="0" ignored="0" skipped="0" invalid="0" date="2015-07-03" time="16:39:45">
  <environment nunit-version="2.6.4.14350" clr-version="2.0.50727.8009" os-version="Microsoft Windows NT 6.2.9200.0" platform="Win32NT" cwd="C:\Program Files (x86)\NUnit 2.6.4\bin" machine-name="EIER" user="Bruker" user-domain="Eier" />
  <culture-info current-culture="en-GB" current-uiculture="en-GB" />
  <test-suite type="Assembly" name="C:\Users\Bruker\Documents\Visual Studio 2012\Projects\SeleniumTestNorigin\SeleniumTestNorigin\bin\Debug\SeleniumTestNorigin.dll" executed="True" result="Success" success="True" time="91.934" asserts="0">
    <results>
      <test-suite type="Namespace" name="SeleniumTestNorigin" executed="True" result="Success" success="True" time="91.934" asserts="0">
        <results>
          <test-suite type="TestFixture" name="ParentalControlTests" executed="True" result="Success" success="True" time="91.933" asserts="0">
            <results>
              <test-case name="SeleniumTestNorigin.ParentalControlTests.ParentalControl_100_13_4" executed="True" result="Success" success="True" time="91.931" asserts="1" />
            </results>
          </test-suite>
        </results>
      </test-suite>
    </results>
  </test-suite>
</test-results>